09:28:58.276 
 _____     _ _ _
|_   _| __(_) (_)_   _ _ __ ___   | \ | | ___ | |_ ___  ___
  | || '__| | | | | | | '_ ` _ \  |  \| |/ _ \| __/ _ \/ __|
  | || |  | | | | |_| | | | | | | | |\  | (_) | ||  __/\__ \
  |_||_|  |_|_|_|\__,_|_| |_| |_| |_| \_|\___/ \__\___||___/ 0.102.1

09:28:58.276 📦 Versions:    app=0.102.1 db=234 sync=36 clipper=1.0
09:28:58.276 🔧 Build:       2026-03-08 08:46:44 (8ac9daa5d3)
09:28:58.276 📂 Data dir:    /home/darkhan/.local/share/trilium-data
09:28:58.276 ⏰ UTC time:    2026-04-17 00:28:58
09:28:58.277 💻 CPU:         12th Gen Intel(R) Core(TM) i5-12450H (12-core @ 3846 Mhz)
09:28:58.277 💾 DB size:     8.3 MiB
09:28:58.277 
09:28:58.298 Becca (note cache) load took 17ms
09:28:58.312 Updating attribute _help_Un4wj2Mak2Ky_ldocName from "User Guide/User Guide/Installation & Setup/Server Installation/Nix flake.clone" to "User Guide/User Guide/Installation & Setup/Desktop Installation/Nix flake"
09:28:58.318 Updating attribute _help_Un4wj2Mak2Ky_liconClass from "bx bx-file" to "bx bxl-tux"
09:28:58.319 Updating attribute _help_Un4wj2Mak2Ky_ldocName from "User Guide/User Guide/Installation & Setup/Desktop Installation/Nix flake" to "User Guide/User Guide/Installation & Setup/Server Installation/Nix flake.clone"
09:28:58.320 Updating attribute _help_Un4wj2Mak2Ky_liconClass from "bx bxl-tux" to "bx bx-file"
09:28:58.338 Trusted reverse proxy: false
09:28:58.339 App HTTP server starting up at port 37840
09:28:58.375 Registered global shortcut Ctrl+Alt+P for action createNoteIntoInbox
09:28:58.380 Listening on port 37840
09:28:58.625 CSRF token generation: Successful
09:28:58.733 200 GET /api/options with 8794 bytes took 1ms
09:28:58.736 200 GET /api/keyboard-actions with 23563 bytes took 2ms
09:28:58.738 200 GET /api/tree with 8662 bytes took 1ms
09:28:58.739 200 GET /api/autocomplete/notesCount with 3 bytes took 1ms
09:28:58.757 200 GET /api/options/locales with 1264 bytes took 1ms
09:28:58.795 200 GET /api/script/widgets with 2 bytes took 1ms
09:28:58.945 200 GET /api/keyboard-shortcuts-for-notes with 2 bytes took 1ms
09:28:58.945 200 GET /api/system-checks with 27 bytes took 0ms
09:28:58.946 200 POST /api/tree/load with 8944 bytes took 0ms
09:28:58.947 200 POST /api/tree/load with 15431 bytes took 1ms
09:28:59.008 200 POST /api/tree/load with 10246 bytes took 1ms
09:28:59.008 200 POST /api/tree/load with 10276 bytes took 0ms
09:28:59.019 Slow 200 GET /api/recent-changes/undefined with 2 bytes took 10ms
09:28:59.020 200 GET /api/notes/root/metadata with 181 bytes took 1ms
09:28:59.024 200 GET /api/search/note.parents.noteId%3D%22root%22%20%23!archived with 56 bytes took 4ms
09:28:59.025 200 GET /api/notes/root/attachments with 2 bytes took 1ms
09:28:59.025 200 POST /api/tree/load with 15431 bytes took 0ms
09:28:59.028 200 POST /api/tree/load with 23076 bytes took 1ms
09:28:59.043 200 GET /api/notes/root/attachments with 2 bytes took 0ms
09:28:59.044 200 GET /api/note-map/root/backlink-count with 11 bytes took 0ms
09:28:59.083 200 GET /api/notes/root with 315 bytes took 0ms
09:28:59.107 200 GET /api/notes/_template_text_snippet with 344 bytes took 1ms
09:28:59.114 200 GET /api/notes/_template_list_view with 323 bytes took 1ms
09:28:59.119 200 GET /api/notes/_template_grid_view with 322 bytes took 0ms
09:28:59.125 200 GET /api/search/%23workspace%20%23!template with 2 bytes took 0ms
09:28:59.125 200 GET /api/notes/_template_calendar with 325 bytes took 0ms
09:28:59.127 200 GET /api/autocomplete?query=&activeNoteId=root&fastSearch=true with 7181 bytes took 1ms
09:28:59.128 200 GET /api/notes/_template_table with 320 bytes took 1ms
09:28:59.134 200 GET /api/notes/_template_geo_map with 320 bytes took 0ms
09:28:59.135 200 GET /api/notes/_template_board with 325 bytes took 0ms
09:28:59.137 200 GET /api/notes/_template_presentation with 331 bytes took 0ms
09:28:59.138 200 GET /api/search-templates with 2 bytes took 0ms
09:29:00.947 200 GET /api/script/startup with 2 bytes took 2ms
09:29:02.317 Table counts: notes: 508, revisions: 362, attachments: 18, branches: 509, attributes: 687, etapi_tokens: 0, blobs: 481
09:29:02.355 All consistency checks passed with no errors detected (took 52ms)
11:17:18.364 
 _____     _ _ _
|_   _| __(_) (_)_   _ _ __ ___   | \ | | ___ | |_ ___  ___
  | || '__| | | | | | | '_ ` _ \  |  \| |/ _ \| __/ _ \/ __|
  | || |  | | | | |_| | | | | | | | |\  | (_) | ||  __/\__ \
  |_||_|  |_|_|_|\__,_|_| |_| |_| |_| \_|\___/ \__\___||___/ 0.102.2

11:17:18.364 📦 Versions:    app=0.102.2 db=234 sync=36 clipper=1.0
11:17:18.364 🔧 Build:       2026-04-05 16:33:23 (bf23439792)
11:17:18.364 📂 Data dir:    /home/darkhan/.local/share/trilium-data
11:17:18.364 ⏰ UTC time:    2026-04-17 02:17:18
11:17:18.365 💻 CPU:         12th Gen Intel(R) Core(TM) i5-12450H (12-core @ 400 Mhz)
11:17:18.365 💾 DB size:     8.3 MiB
11:17:18.365 
11:17:18.385 Becca (note cache) load took 16ms
11:17:18.398 Updating attribute _help_Un4wj2Mak2Ky_ldocName from "User Guide/User Guide/Installation & Setup/Server Installation/Nix flake.clone" to "User Guide/User Guide/Installation & Setup/Desktop Installation/Nix flake"
11:17:18.404 Updating attribute _help_Un4wj2Mak2Ky_liconClass from "bx bx-file" to "bx bxl-tux"
11:17:18.404 Updating attribute _help_Un4wj2Mak2Ky_ldocName from "User Guide/User Guide/Installation & Setup/Desktop Installation/Nix flake" to "User Guide/User Guide/Installation & Setup/Server Installation/Nix flake.clone"
11:17:18.404 Updating attribute _help_Un4wj2Mak2Ky_liconClass from "bx bxl-tux" to "bx bx-file"
11:17:18.417 Trusted reverse proxy: false
11:17:18.417 App HTTP server starting up at port 37840
11:17:18.453 Registered global shortcut Ctrl+Alt+P for action createNoteIntoInbox
11:17:18.457 Listening on port 37840
11:17:18.672 CSRF token generation: Successful
11:17:18.795 200 GET /api/options with 8794 bytes took 0ms
11:17:18.798 200 GET /api/keyboard-actions with 23563 bytes took 2ms
11:17:18.799 200 GET /api/tree with 8662 bytes took 1ms
11:17:18.800 200 GET /api/autocomplete/notesCount with 3 bytes took 0ms
11:17:18.805 200 GET /api/options/locales with 1264 bytes took 1ms
11:17:18.844 200 GET /api/script/widgets with 2 bytes took 1ms
11:17:18.994 200 GET /api/keyboard-shortcuts-for-notes with 2 bytes took 0ms
11:17:18.995 200 GET /api/system-checks with 27 bytes took 1ms
11:17:18.995 200 POST /api/tree/load with 8944 bytes took 0ms
11:17:18.996 200 POST /api/tree/load with 15431 bytes took 0ms
11:17:19.040 200 POST /api/tree/load with 10246 bytes took 1ms
11:17:19.041 200 POST /api/tree/load with 10276 bytes took 1ms
11:17:19.052 Slow 200 GET /api/recent-changes/undefined with 2 bytes took 10ms
11:17:19.054 200 GET /api/notes/root/metadata with 181 bytes took 1ms
11:17:19.057 200 GET /api/search/note.parents.noteId%3D%22root%22%20%23!archived with 56 bytes took 3ms
11:17:19.058 200 GET /api/notes/root/attachments with 2 bytes took 1ms
11:17:19.059 200 POST /api/tree/load with 15431 bytes took 1ms
11:17:19.060 200 POST /api/tree/load with 23076 bytes took 1ms
11:17:19.081 200 GET /api/notes/root/attachments with 2 bytes took 0ms
11:17:19.082 200 GET /api/note-map/root/backlink-count with 11 bytes took 0ms
11:17:19.130 200 GET /api/notes/root with 315 bytes took 0ms
11:17:19.133 200 GET /api/notes/_template_text_snippet with 344 bytes took 0ms
11:17:19.138 200 GET /api/notes/_template_list_view with 323 bytes took 1ms
11:17:19.141 200 GET /api/notes/_template_grid_view with 322 bytes took 0ms
11:17:19.142 200 GET /api/notes/_template_calendar with 325 bytes took 0ms
11:17:19.143 200 GET /api/notes/_template_table with 320 bytes took 0ms
11:17:19.145 200 GET /api/notes/_template_geo_map with 320 bytes took 1ms
11:17:19.146 200 GET /api/notes/_template_board with 325 bytes took 0ms
11:17:19.147 200 GET /api/notes/_template_presentation with 331 bytes took 0ms
11:17:19.149 200 GET /api/search-templates with 2 bytes took 0ms
11:17:19.174 200 GET /api/search/%23workspace%20%23!template with 2 bytes took 0ms
11:17:19.181 200 GET /api/autocomplete?query=&activeNoteId=root&fastSearch=true with 7181 bytes took 1ms
11:17:20.998 200 GET /api/script/startup with 2 bytes took 2ms
11:17:22.417 Slow query took 26ms: SELECT COUNT(1) FROM notes
11:17:22.435 Table counts: notes: 508, revisions: 362, attachments: 18, branches: 509, attributes: 687, etapi_tokens: 0, blobs: 481
11:17:22.462 All consistency checks passed with no errors detected (took 71ms)
11:17:34.467 200 GET /api/tree?subTreeNoteId=r4CrYXkFlduq with 12724 bytes took 1ms
11:17:34.677 204 PUT /api/branches/root_r4CrYXkFlduq/expanded/1 with 0 bytes took 1ms
11:17:35.943 200 GET /api/tree?subTreeNoteId=2WusJCc3UazW with 9274 bytes took 1ms
11:17:36.160 204 PUT /api/branches/r4CrYXkFlduq_2WusJCc3UazW/expanded/1 with 0 bytes took 1ms
11:17:38.973 Slow query took 27ms: INSERT INTO notes (noteId, title, isProtected, type, mime, blobId, isDeleted, dateCreated, dateModified, utcDateCreated, utcDateModified) VALUES (@noteId, @title, @isProtected, @type, @mime, @blobId, @isDeleted, @dateCreated, @dateModified, @utcDateCreated, @utcDateModified) ON CONFLICT (noteId) DO UPDATE SET noteId = @noteId, title = @title, isProtected = @isProtected, type = @type, mime = @mime, blobId = @blobId, isDeleted = @isDeleted, dateCreated = @dateCreated, dateModified = @dateModified, utcDateCreated = @utcDateCreated, utcDateModified = @utcDateModified
11:17:38.977 Created new note 'OecZJrK0c3tv', branch '2WusJCc3UazW_OecZJrK0c3tv' of type 'text', mime 'text/html'
11:17:38.978 Slow 200 POST /api/notes/2WusJCc3UazW/children?target=into&targetBranchId= with 560 bytes took 35ms
11:17:38.984 200 POST /api/tree/load with 8423 bytes took 1ms
11:17:39.005 204 PUT /api/options with 0 bytes took 1ms
11:17:39.020 200 GET /api/notes/OecZJrK0c3tv/blob with 155 bytes took 0ms
11:17:39.034 200 GET /api/notes/OecZJrK0c3tv/metadata with 181 bytes took 1ms
11:17:39.036 200 GET /api/search/note.parents.noteId%3D%22OecZJrK0c3tv%22%20%23!archived with 2 bytes took 2ms
11:17:39.038 200 GET /api/notes/OecZJrK0c3tv/attachments with 2 bytes took 0ms
11:17:39.039 200 GET /api/notes/OecZJrK0c3tv/attachments with 2 bytes took 0ms
11:17:39.040 200 GET /api/note-map/OecZJrK0c3tv/backlink-count with 11 bytes took 0ms
11:17:39.077 200 GET /api/search/%23textSnippet with 2 bytes took 0ms
11:17:39.097 200 GET /api/search-templates with 2 bytes took 0ms
11:17:39.398 JS Info: CKEditor state changed to ready
11:17:41.269 Slow query took 25ms: INSERT OR REPLACE INTO entity_changes ( entityName, entityId, hash, isErased, utcDateChanged, isSynced, componentId, instanceId, changeId ) VALUES (?, ?, ?, ?, ?, ?, ?, ?, ?)
11:17:41.270 Moved note OecZJrK0c3tv, branch 2WusJCc3UazW_OecZJrK0c3tv before note yhvYCOGvUx8n, branch 2WusJCc3UazW_yhvYCOGvUx8n
11:17:41.271 Slow 200 PUT /api/branches/2WusJCc3UazW_OecZJrK0c3tv/move-before/2WusJCc3UazW_yhvYCOGvUx8n with 16 bytes took 28ms
11:17:45.230 200 PUT /api/notes/OecZJrK0c3tv/title with 320 bytes took 2ms
11:17:46.242 200 PUT /api/notes/OecZJrK0c3tv/title with 323 bytes took 2ms
11:17:46.244 200 PUT /api/notes/OecZJrK0c3tv/title with 323 bytes took 1ms
11:17:46.246 200 PUT /api/notes/OecZJrK0c3tv/title with 323 bytes took 1ms
11:17:47.288 Slow query took 25ms: INSERT OR REPLACE INTO entity_changes ( entityName, entityId, hash, isErased, utcDateChanged, isSynced, changeId, componentId, instanceId ) VALUES (?, ?, ?, ?, ?, ?, ?, ?, ?)
11:17:47.291 Slow 200 PUT /api/notes/OecZJrK0c3tv/title with 325 bytes took 29ms
11:17:47.294 200 PUT /api/notes/OecZJrK0c3tv/title with 325 bytes took 2ms
11:17:48.312 200 PUT /api/notes/OecZJrK0c3tv/title with 324 bytes took 2ms
11:17:49.320 200 PUT /api/notes/OecZJrK0c3tv/title with 320 bytes took 3ms
11:17:49.322 200 PUT /api/notes/OecZJrK0c3tv/title with 320 bytes took 1ms
11:17:49.323 200 PUT /api/notes/OecZJrK0c3tv/title with 320 bytes took 1ms
11:17:50.334 200 PUT /api/notes/OecZJrK0c3tv/title with 320 bytes took 2ms
11:17:50.335 200 PUT /api/notes/OecZJrK0c3tv/title with 320 bytes took 1ms
11:17:51.346 200 PUT /api/notes/OecZJrK0c3tv/title with 324 bytes took 2ms
11:17:51.348 200 PUT /api/notes/OecZJrK0c3tv/title with 324 bytes took 1ms
11:17:51.350 200 PUT /api/notes/OecZJrK0c3tv/title with 324 bytes took 1ms
11:17:51.351 200 PUT /api/notes/OecZJrK0c3tv/title with 324 bytes took 1ms
11:17:52.367 200 PUT /api/notes/OecZJrK0c3tv/title with 328 bytes took 2ms
11:17:52.369 200 PUT /api/notes/OecZJrK0c3tv/title with 328 bytes took 1ms
11:17:52.370 200 PUT /api/notes/OecZJrK0c3tv/title with 328 bytes took 1ms
11:17:52.372 200 PUT /api/notes/OecZJrK0c3tv/title with 328 bytes took 1ms
11:17:53.387 200 PUT /api/notes/OecZJrK0c3tv/title with 330 bytes took 2ms
11:17:53.388 200 PUT /api/notes/OecZJrK0c3tv/title with 330 bytes took 1ms
11:17:54.402 200 PUT /api/notes/OecZJrK0c3tv/title with 331 bytes took 1ms
11:17:55.411 200 PUT /api/notes/OecZJrK0c3tv/title with 334 bytes took 3ms
11:17:55.413 200 PUT /api/notes/OecZJrK0c3tv/title with 334 bytes took 1ms
11:17:55.414 200 PUT /api/notes/OecZJrK0c3tv/title with 334 bytes took 1ms
11:17:56.430 200 PUT /api/notes/OecZJrK0c3tv/title with 338 bytes took 2ms
11:17:56.431 200 PUT /api/notes/OecZJrK0c3tv/title with 338 bytes took 1ms
11:17:56.433 200 PUT /api/notes/OecZJrK0c3tv/title with 338 bytes took 1ms
11:17:56.434 200 PUT /api/notes/OecZJrK0c3tv/title with 338 bytes took 1ms
11:17:57.455 200 PUT /api/notes/OecZJrK0c3tv/title with 340 bytes took 3ms
11:17:57.456 200 PUT /api/notes/OecZJrK0c3tv/title with 340 bytes took 0ms
11:17:58.470 200 PUT /api/notes/OecZJrK0c3tv/title with 335 bytes took 2ms
11:17:58.472 200 PUT /api/notes/OecZJrK0c3tv/title with 335 bytes took 1ms
11:17:58.499 Slow query took 26ms: INSERT OR REPLACE INTO entity_changes ( entityName, entityId, hash, isErased, utcDateChanged, isSynced, changeId, componentId, instanceId ) VALUES (?, ?, ?, ?, ?, ?, ?, ?, ?)
11:17:58.499 Slow 200 PUT /api/notes/OecZJrK0c3tv/title with 335 bytes took 26ms
11:17:58.500 200 PUT /api/notes/OecZJrK0c3tv/title with 335 bytes took 0ms
11:17:58.501 200 PUT /api/notes/OecZJrK0c3tv/title with 335 bytes took 0ms
11:17:59.520 200 PUT /api/notes/OecZJrK0c3tv/title with 327 bytes took 2ms
11:17:59.522 200 PUT /api/notes/OecZJrK0c3tv/title with 327 bytes took 1ms
11:17:59.524 200 PUT /api/notes/OecZJrK0c3tv/title with 327 bytes took 1ms
11:17:59.525 200 PUT /api/notes/OecZJrK0c3tv/title with 327 bytes took 1ms
11:17:59.526 200 PUT /api/notes/OecZJrK0c3tv/title with 327 bytes took 1ms
11:17:59.527 200 PUT /api/notes/OecZJrK0c3tv/title with 327 bytes took 0ms
11:17:59.528 200 PUT /api/notes/OecZJrK0c3tv/title with 327 bytes took 0ms
11:18:01.339 204 PUT /api/options with 0 bytes took 1ms
11:18:01.374 Slow query took 26ms: SELECT *, LENGTH(content) AS contentLength FROM blobs WHERE blobId = ?
11:18:01.374 Slow 200 GET /api/notes/TARu2ooc3SO8/blob with 2918 bytes took 26ms
11:18:01.375 200 GET /api/notes/TARu2ooc3SO8/metadata with 181 bytes took 0ms
11:18:01.376 200 GET /api/notes/TARu2ooc3SO8/attachments with 2 bytes took 0ms
11:18:01.376 200 GET /api/notes/TARu2ooc3SO8/attachments with 2 bytes took 0ms
11:18:01.376 200 GET /api/note-map/TARu2ooc3SO8/backlink-count with 11 bytes took 0ms
11:18:02.961 204 PUT /api/options with 0 bytes took 1ms
11:18:02.971 200 GET /api/notes/OecZJrK0c3tv/blob with 155 bytes took 0ms
11:18:02.980 200 GET /api/notes/OecZJrK0c3tv/metadata with 181 bytes took 0ms
11:18:02.981 200 GET /api/search-templates with 2 bytes took 0ms
11:18:02.982 200 GET /api/note-map/OecZJrK0c3tv/backlink-count with 11 bytes took 0ms
11:18:04.427 204 PUT /api/notes/OecZJrK0c3tv/data with 0 bytes took 2ms
11:18:05.433 204 PUT /api/notes/OecZJrK0c3tv/data with 0 bytes took 1ms
11:18:05.433 204 PUT /api/notes/OecZJrK0c3tv/data with 0 bytes took 0ms
11:18:05.434 204 PUT /api/notes/OecZJrK0c3tv/data with 0 bytes took 0ms
11:18:05.434 204 PUT /api/notes/OecZJrK0c3tv/data with 0 bytes took 0ms
11:18:05.434 204 PUT /api/notes/OecZJrK0c3tv/data with 0 bytes took 0ms
11:18:06.444 204 PUT /api/notes/OecZJrK0c3tv/data with 0 bytes took 1ms
11:18:06.445 204 PUT /api/notes/OecZJrK0c3tv/data with 0 bytes took 1ms
11:18:08.142 Slow 204 PUT /api/notes/OecZJrK0c3tv/data with 0 bytes took 31ms
11:18:09.216 204 PUT /api/notes/OecZJrK0c3tv/data with 0 bytes took 2ms
11:18:09.546 200 GET /api/notes/OecZJrK0c3tv/metadata with 181 bytes took 1ms
11:18:14.532 204 PUT /api/notes/OecZJrK0c3tv/data with 0 bytes took 1ms
11:18:15.536 204 PUT /api/notes/OecZJrK0c3tv/data with 0 bytes took 0ms
11:18:17.120 204 PUT /api/notes/OecZJrK0c3tv/data with 0 bytes took 1ms
11:18:18.125 204 PUT /api/notes/OecZJrK0c3tv/data with 0 bytes took 2ms
11:18:18.125 204 PUT /api/notes/OecZJrK0c3tv/data with 0 bytes took 0ms
11:18:18.126 204 PUT /api/notes/OecZJrK0c3tv/data with 0 bytes took 1ms
11:18:18.126 204 PUT /api/notes/OecZJrK0c3tv/data with 0 bytes took 0ms
11:18:19.155 Slow query took 25ms: INSERT OR REPLACE INTO entity_changes ( entityName, entityId, hash, isErased, utcDateChanged, isSynced, componentId, changeId, instanceId ) VALUES (?, ?, ?, ?, ?, ?, ?, ?, ?)
11:18:19.157 Slow 204 PUT /api/notes/OecZJrK0c3tv/data with 0 bytes took 27ms
11:18:19.158 204 PUT /api/notes/OecZJrK0c3tv/data with 0 bytes took 1ms
11:18:19.158 204 PUT /api/notes/OecZJrK0c3tv/data with 0 bytes took 0ms
11:18:19.159 204 PUT /api/notes/OecZJrK0c3tv/data with 0 bytes took 1ms
11:18:20.835 204 PUT /api/notes/OecZJrK0c3tv/data with 0 bytes took 1ms
11:18:21.841 204 PUT /api/notes/OecZJrK0c3tv/data with 0 bytes took 1ms
11:18:21.842 204 PUT /api/notes/OecZJrK0c3tv/data with 0 bytes took 1ms
11:18:21.842 204 PUT /api/notes/OecZJrK0c3tv/data with 0 bytes took 0ms
11:18:22.856 204 PUT /api/notes/OecZJrK0c3tv/data with 0 bytes took 1ms
11:18:22.857 204 PUT /api/notes/OecZJrK0c3tv/data with 0 bytes took 0ms
11:18:22.858 204 PUT /api/notes/OecZJrK0c3tv/data with 0 bytes took 0ms
11:18:23.865 204 PUT /api/notes/OecZJrK0c3tv/data with 0 bytes took 2ms
11:18:23.865 204 PUT /api/notes/OecZJrK0c3tv/data with 0 bytes took 0ms
11:18:24.872 204 PUT /api/notes/OecZJrK0c3tv/data with 0 bytes took 2ms
11:18:24.873 204 PUT /api/notes/OecZJrK0c3tv/data with 0 bytes took 1ms
11:18:25.881 204 PUT /api/notes/OecZJrK0c3tv/data with 0 bytes took 2ms
11:18:26.887 204 PUT /api/notes/OecZJrK0c3tv/data with 0 bytes took 1ms
11:18:27.892 204 PUT /api/notes/OecZJrK0c3tv/data with 0 bytes took 0ms
11:18:27.895 204 PUT /api/notes/OecZJrK0c3tv/data with 0 bytes took 1ms
11:18:28.898 204 PUT /api/notes/OecZJrK0c3tv/data with 0 bytes took 1ms
11:18:28.899 204 PUT /api/notes/OecZJrK0c3tv/data with 0 bytes took 0ms
11:18:28.899 204 PUT /api/notes/OecZJrK0c3tv/data with 0 bytes took 0ms
11:18:28.900 204 PUT /api/notes/OecZJrK0c3tv/data with 0 bytes took 1ms
11:18:28.901 204 PUT /api/notes/OecZJrK0c3tv/data with 0 bytes took 0ms
11:18:29.911 204 PUT /api/notes/OecZJrK0c3tv/data with 0 bytes took 1ms
11:18:29.911 204 PUT /api/notes/OecZJrK0c3tv/data with 0 bytes took 0ms
11:18:29.911 204 PUT /api/notes/OecZJrK0c3tv/data with 0 bytes took 0ms
11:18:30.919 204 PUT /api/notes/OecZJrK0c3tv/data with 0 bytes took 1ms
11:18:30.921 204 PUT /api/notes/OecZJrK0c3tv/data with 0 bytes took 0ms
11:18:30.922 204 PUT /api/notes/OecZJrK0c3tv/data with 0 bytes took 0ms
11:18:40.927 200 GET /api/notes/OecZJrK0c3tv/metadata with 181 bytes took 0ms
11:18:47.767 204 PUT /api/notes/OecZJrK0c3tv/data with 0 bytes took 2ms
11:18:48.771 204 PUT /api/notes/OecZJrK0c3tv/data with 0 bytes took 1ms
11:18:49.776 204 PUT /api/notes/OecZJrK0c3tv/data with 0 bytes took 1ms
11:18:49.777 204 PUT /api/notes/OecZJrK0c3tv/data with 0 bytes took 0ms
11:18:59.781 200 GET /api/notes/OecZJrK0c3tv/metadata with 181 bytes took 1ms
